# JRE version: OpenJDK Runtime Environment Temurin-21.0.8+9 (21.0.8+9) (build 21.0.8+9-LTS)
# Java VM: OpenJDK 64-Bit Server VM Temurin-21.0.8+9 (21.0.8+9-LTS, mixed mode, sharing, tiered, compressed oops, compressed class ptrs, parallel gc, windows-amd64)
GC Precious Log:
 CardTable entry size: 512
 CPUs: 20 total, 20 available
 Memory: 16004M
 Large Page Support: Disabled
 NUMA Support: Disabled
 Compressed Oops: Enabled (32-bit)
 Alignments: Space 512K, Generation 512K, Heap 2M
 Heap Min Capacity: 100M
 Heap Initial Capacity: 100M
 Heap Max Capacity: 2G
 Pre-touch: Disabled
 Parallel Workers: 15
Heap:
 PSYoungGen      total 3584K, used 3254K [0x00000000d5580000, 0x00000000d5a00000, 0x0000000100000000)
  eden space 3072K, 95% used [0x00000000d5580000,0x00000000d585da48,0x00000000d5880000)
  from space 512K, 62% used [0x00000000d5980000,0x00000000d59d0000,0x00000000d5a00000)
  to   space 512K, 0% used [0x00000000d5900000,0x00000000d5900000,0x00000000d5980000)
 ParOldGen       total 830976K, used 275512K [0x0000000080000000, 0x00000000b2b80000, 0x00000000d5580000)
  object space 830976K, 33% used [0x0000000080000000,0x0000000090d0e028,0x00000000b2b80000)
 Metaspace       used 87447K, committed 89024K, reserved 1179648K
  class space    used 8594K, committed 9408K, reserved 1048576K
GC Heap History (20 events):
Event: 4880.981 GC heap before
{Heap before GC invocations=3194 (full 6):
 PSYoungGen      total 3072K, used 2655K [0x00000000d5580000, 0x00000000d5a80000, 0x0000000100000000)
  eden space 2048K, 99% used [0x00000000d5580000,0x00000000d577ffb8,0x00000000d5780000)
  from space 1024K, 59% used [0x00000000d5980000,0x00000000d5a18000,0x00000000d5a80000)
  to   space 1024K, 0% used [0x00000000d5880000,0x00000000d5880000,0x00000000d5980000)
 ParOldGen       total 830976K, used 273882K [0x0000000080000000, 0x00000000b2b80000, 0x00000000d5580000)
  object space 830976K, 32% used [0x0000000080000000,0x0000000090b76b88,0x00000000b2b80000)
 Metaspace       used 87394K, committed 89024K, reserved 1179648K
  class space    used 8594K, committed 9408K, reserved 1048576K
}
Event: 4880.983 GC heap after
{Heap after GC invocations=3194 (full 6):
 PSYoungGen      total 3584K, used 288K [0x00000000d5580000, 0x00000000d5a00000, 0x0000000100000000)
  eden space 2560K, 0% used [0x00000000d5580000,0x00000000d5580000,0x00000000d5800000)
  from space 1024K, 28% used [0x00000000d5880000,0x00000000d58c8000,0x00000000d5980000)
  to   space 512K, 0% used [0x00000000d5980000,0x00000000d5980000,0x00000000d5a00000)
 ParOldGen       total 830976K, used 274330K [0x0000000080000000, 0x00000000b2b80000, 0x00000000d5580000)
  object space 830976K, 33% used [0x0000000080000000,0x0000000090be6b88,0x00000000b2b80000)
 Metaspace       used 87394K, committed 89024K, reserved 1179648K
  class space    used 8594K, committed 9408K, reserved 1048576K
}
Event: 4881.189 GC heap before
{Heap before GC invocations=3195 (full 6):
 PSYoungGen      total 3584K, used 2848K [0x00000000d5580000, 0x00000000d5a00000, 0x0000000100000000)
  eden space 2560K, 100% used [0x00000000d5580000,0x00000000d5800000,0x00000000d5800000)
  from space 1024K, 28% used [0x00000000d5880000,0x00000000d58c8000,0x00000000d5980000)
  to   space 512K, 0% used [0x00000000d5980000,0x00000000d5980000,0x00000000d5a00000)
 ParOldGen       total 830976K, used 274330K [0x0000000080000000, 0x00000000b2b80000, 0x00000000d5580000)
  object space 830976K, 33% used [0x0000000080000000,0x0000000090be6b88,0x00000000b2b80000)
 Metaspace       used 87394K, committed 89024K, reserved 1179648K
  class space    used 8594K, committed 9408K, reserved 1048576K
}
Event: 4881.190 GC heap after
{Heap after GC invocations=3195 (full 6):
 PSYoungGen      total 3584K, used 512K [0x00000000d5580000, 0x00000000d5a80000, 0x0000000100000000)
  eden space 3072K, 0% used [0x00000000d5580000,0x00000000d5580000,0x00000000d5880000)
  from space 512K, 100% used [0x00000000d5980000,0x00000000d5a00000,0x00000000d5a00000)
  to   space 1024K, 0% used [0x00000000d5880000,0x00000000d5880000,0x00000000d5980000)
 ParOldGen       total 830976K, used 274474K [0x0000000080000000, 0x00000000b2b80000, 0x00000000d5580000)
  object space 830976K, 33% used [0x0000000080000000,0x0000000090c0ab88,0x00000000b2b80000)
 Metaspace       used 87394K, committed 89024K, reserved 1179648K
  class space    used 8594K, committed 9408K, reserved 1048576K
}
Event: 4881.367 GC heap before
{Heap before GC invocations=3196 (full 6):
 PSYoungGen      total 3584K, used 3584K [0x00000000d5580000, 0x00000000d5a80000, 0x0000000100000000)
  eden space 3072K, 100% used [0x00000000d5580000,0x00000000d5880000,0x00000000d5880000)
  from space 512K, 100% used [0x00000000d5980000,0x00000000d5a00000,0x00000000d5a00000)
  to   space 1024K, 0% used [0x00000000d5880000,0x00000000d5880000,0x00000000d5980000)
 ParOldGen       total 830976K, used 274474K [0x0000000080000000, 0x00000000b2b80000, 0x00000000d5580000)
  object space 830976K, 33% used [0x0000000080000000,0x0000000090c0ab88,0x00000000b2b80000)
 Metaspace       used 87394K, committed 89024K, reserved 1179648K
  class space    used 8594K, committed 9408K, reserved 1048576K
}
Event: 4881.374 GC heap after
{Heap after GC invocations=3196 (full 6):
 PSYoungGen      total 4096K, used 448K [0x00000000d5580000, 0x00000000d5a80000, 0x0000000100000000)
  eden space 3072K, 0% used [0x00000000d5580000,0x00000000d5580000,0x00000000d5880000)
  from space 1024K, 43% used [0x00000000d5880000,0x00000000d58f0000,0x00000000d5980000)
  to   space 1024K, 0% used [0x00000000d5980000,0x00000000d5980000,0x00000000d5a80000)
 ParOldGen       total 830976K, used 274921K [0x0000000080000000, 0x00000000b2b80000, 0x00000000d5580000)
  object space 830976K, 33% used [0x0000000080000000,0x0000000090c7a5d8,0x00000000b2b80000)
 Metaspace       used 87394K, committed 89024K, reserved 1179648K
  class space    used 8594K, committed 9408K, reserved 1048576K
}
Event: 4881.660 GC heap before
{Heap before GC invocations=3197 (full 6):
 PSYoungGen      total 4096K, used 3520K [0x00000000d5580000, 0x00000000d5a80000, 0x0000000100000000)
  eden space 3072K, 100% used [0x00000000d5580000,0x00000000d5880000,0x00000000d5880000)
  from space 1024K, 43% used [0x00000000d5880000,0x00000000d58f0000,0x00000000d5980000)
  to   space 1024K, 0% used [0x00000000d5980000,0x00000000d5980000,0x00000000d5a80000)
 ParOldGen       total 830976K, used 274921K [0x0000000080000000, 0x00000000b2b80000, 0x00000000d5580000)
  object space 830976K, 33% used [0x0000000080000000,0x0000000090c7a5d8,0x00000000b2b80000)
 Metaspace       used 87394K, committed 89024K, reserved 1179648K
  class space    used 8594K, committed 9408K, reserved 1048576K
}
Event: 4881.662 GC heap after
{Heap after GC invocations=3197 (full 6):
 PSYoungGen      total 4096K, used 640K [0x00000000d5580000, 0x00000000d5a80000, 0x0000000100000000)
  eden space 3072K, 0% used [0x00000000d5580000,0x00000000d5580000,0x00000000d5880000)
  from space 1024K, 62% used [0x00000000d5980000,0x00000000d5a20000,0x00000000d5a80000)
  to   space 1024K, 0% used [0x00000000d5880000,0x00000000d5880000,0x00000000d5980000)
 ParOldGen       total 830976K, used 275016K [0x0000000080000000, 0x00000000b2b80000, 0x00000000d5580000)
  object space 830976K, 33% used [0x0000000080000000,0x0000000090c92018,0x00000000b2b80000)
 Metaspace       used 87394K, committed 89024K, reserved 1179648K
  class space    used 8594K, committed 9408K, reserved 1048576K
}
Event: 4882.319 GC heap before
{Heap before GC invocations=3198 (full 6):
 PSYoungGen      total 4096K, used 3712K [0x00000000d5580000, 0x00000000d5a80000, 0x0000000100000000)
  eden space 3072K, 100% used [0x00000000d5580000,0x00000000d5880000,0x00000000d5880000)
  from space 1024K, 62% used [0x00000000d5980000,0x00000000d5a20000,0x00000000d5a80000)
  to   space 1024K, 0% used [0x00000000d5880000,0x00000000d5880000,0x00000000d5980000)
 ParOldGen       total 830976K, used 275016K [0x0000000080000000, 0x00000000b2b80000, 0x00000000d5580000)
  object space 830976K, 33% used [0x0000000080000000,0x0000000090c92018,0x00000000b2b80000)
 Metaspace       used 87394K, committed 89024K, reserved 1179648K
  class space    used 8594K, committed 9408K, reserved 1048576K
}
Event: 4882.320 GC heap after
{Heap after GC invocations=3198 (full 6):
 PSYoungGen      total 4096K, used 320K [0x00000000d5580000, 0x00000000d5a00000, 0x0000000100000000)
  eden space 3072K, 0% used [0x00000000d5580000,0x00000000d5580000,0x00000000d5880000)
  from space 1024K, 31% used [0x00000000d5880000,0x00000000d58d0000,0x00000000d5980000)
  to   space 512K, 0% used [0x00000000d5980000,0x00000000d5980000,0x00000000d5a00000)
 ParOldGen       total 830976K, used 275504K [0x0000000080000000, 0x00000000b2b80000, 0x00000000d5580000)
  object space 830976K, 33% used [0x0000000080000000,0x0000000090d0c028,0x00000000b2b80000)
 Metaspace       used 87394K, committed 89024K, reserved 1179648K
  class space    used 8594K, committed 9408K, reserved 1048576K
}
Event: 4882.896 GC heap before
{Heap before GC invocations=3199 (full 6):
 PSYoungGen      total 4096K, used 3391K [0x00000000d5580000, 0x00000000d5a00000, 0x0000000100000000)
  eden space 3072K, 99% used [0x00000000d5580000,0x00000000d587ffe8,0x00000000d5880000)
  from space 1024K, 31% used [0x00000000d5880000,0x00000000d58d0000,0x00000000d5980000)
  to   space 512K, 0% used [0x00000000d5980000,0x00000000d5980000,0x00000000d5a00000)
 ParOldGen       total 830976K, used 275504K [0x0000000080000000, 0x00000000b2b80000, 0x00000000d5580000)
  object space 830976K, 33% used [0x0000000080000000,0x0000000090d0c028,0x00000000b2b80000)
 Metaspace       used 87394K, committed 89024K, reserved 1179648K
  class space    used 8594K, committed 9408K, reserved 1048576K
}
Event: 4882.896 GC heap after
{Heap after GC invocations=3199 (full 6):
 PSYoungGen      total 3584K, used 448K [0x00000000d5580000, 0x00000000d5a00000, 0x0000000100000000)
  eden space 3072K, 0% used [0x00000000d5580000,0x00000000d5580000,0x00000000d5880000)
  from space 512K, 87% used [0x00000000d5980000,0x00000000d59f0000,0x00000000d5a00000)
  to   space 512K, 0% used [0x00000000d5900000,0x00000000d5900000,0x00000000d5980000)
 ParOldGen       total 830976K, used 275504K [0x0000000080000000, 0x00000000b2b80000, 0x00000000d5580000)
  object space 830976K, 33% used [0x0000000080000000,0x0000000090d0c028,0x00000000b2b80000)
 Metaspace       used 87394K, committed 89024K, reserved 1179648K
  class space    used 8594K, committed 9408K, reserved 1048576K
}
Event: 4906.402 GC heap before
{Heap before GC invocations=3200 (full 6):
 PSYoungGen      total 3584K, used 3520K [0x00000000d5580000, 0x00000000d5a00000, 0x0000000100000000)
  eden space 3072K, 100% used [0x00000000d5580000,0x00000000d5880000,0x00000000d5880000)
  from space 512K, 87% used [0x00000000d5980000,0x00000000d59f0000,0x00000000d5a00000)
  to   space 512K, 0% used [0x00000000d5900000,0x00000000d5900000,0x00000000d5980000)
 ParOldGen       total 830976K, used 275504K [0x0000000080000000, 0x00000000b2b80000, 0x00000000d5580000)
  object space 830976K, 33% used [0x0000000080000000,0x0000000090d0c028,0x00000000b2b80000)
 Metaspace       used 87428K, committed 89024K, reserved 1179648K
  class space    used 8594K, committed 9408K, reserved 1048576K
}
Event: 4906.403 GC heap after
{Heap after GC invocations=3200 (full 6):
 PSYoungGen      total 3584K, used 448K [0x00000000d5580000, 0x00000000d5a00000, 0x0000000100000000)
  eden space 3072K, 0% used [0x00000000d5580000,0x00000000d5580000,0x00000000d5880000)
  from space 512K, 87% used [0x00000000d5900000,0x00000000d5970000,0x00000000d5980000)
  to   space 512K, 0% used [0x00000000d5980000,0x00000000d5980000,0x00000000d5a00000)
 ParOldGen       total 830976K, used 275512K [0x0000000080000000, 0x00000000b2b80000, 0x00000000d5580000)
  object space 830976K, 33% used [0x0000000080000000,0x0000000090d0e028,0x00000000b2b80000)
 Metaspace       used 87428K, committed 89024K, reserved 1179648K
  class space    used 8594K, committed 9408K, reserved 1048576K
}
Event: 4906.538 GC heap before
{Heap before GC invocations=3201 (full 6):
 PSYoungGen      total 3584K, used 3519K [0x00000000d5580000, 0x00000000d5a00000, 0x0000000100000000)
  eden space 3072K, 99% used [0x00000000d5580000,0x00000000d587fff8,0x00000000d5880000)
  from space 512K, 87% used [0x00000000d5900000,0x00000000d5970000,0x00000000d5980000)
  to   space 512K, 0% used [0x00000000d5980000,0x00000000d5980000,0x00000000d5a00000)
 ParOldGen       total 830976K, used 275512K [0x0000000080000000, 0x00000000b2b80000, 0x00000000d5580000)
  object space 830976K, 33% used [0x0000000080000000,0x0000000090d0e028,0x00000000b2b80000)
 Metaspace       used 87445K, committed 89024K, reserved 1179648K
  class space    used 8594K, committed 9408K, reserved 1048576K
}
Event: 4906.539 GC heap after
{Heap after GC invocations=3201 (full 6):
 PSYoungGen      total 3584K, used 352K [0x00000000d5580000, 0x00000000d5a00000, 0x0000000100000000)
  eden space 3072K, 0% used [0x00000000d5580000,0x00000000d5580000,0x00000000d5880000)
  from space 512K, 68% used [0x00000000d5980000,0x00000000d59d8000,0x00000000d5a00000)
  to   space 512K, 0% used [0x00000000d5900000,0x00000000d5900000,0x00000000d5980000)
 ParOldGen       total 830976K, used 275512K [0x0000000080000000, 0x00000000b2b80000, 0x00000000d5580000)
  object space 830976K, 33% used [0x0000000080000000,0x0000000090d0e028,0x00000000b2b80000)
 Metaspace       used 87445K, committed 89024K, reserved 1179648K
  class space    used 8594K, committed 9408K, reserved 1048576K
}
Event: 4916.762 GC heap before
{Heap before GC invocations=3202 (full 6):
 PSYoungGen      total 3584K, used 3424K [0x00000000d5580000, 0x00000000d5a00000, 0x0000000100000000)
  eden space 3072K, 100% used [0x00000000d5580000,0x00000000d5880000,0x00000000d5880000)
  from space 512K, 68% used [0x00000000d5980000,0x00000000d59d8000,0x00000000d5a00000)
  to   space 512K, 0% used [0x00000000d5900000,0x00000000d5900000,0x00000000d5980000)
 ParOldGen       total 830976K, used 275512K [0x0000000080000000, 0x00000000b2b80000, 0x00000000d5580000)
  object space 830976K, 33% used [0x0000000080000000,0x0000000090d0e028,0x00000000b2b80000)
 Metaspace       used 87445K, committed 89024K, reserved 1179648K
  class space    used 8594K, committed 9408K, reserved 1048576K
}
Event: 4916.763 GC heap after
{Heap after GC invocations=3202 (full 6):
 PSYoungGen      total 3584K, used 416K [0x00000000d5580000, 0x00000000d5a00000, 0x0000000100000000)
  eden space 3072K, 0% used [0x00000000d5580000,0x00000000d5580000,0x00000000d5880000)
  from space 512K, 81% used [0x00000000d5900000,0x00000000d5968000,0x00000000d5980000)
  to   space 512K, 0% used [0x00000000d5980000,0x00000000d5980000,0x00000000d5a00000)
 ParOldGen       total 830976K, used 275512K [0x0000000080000000, 0x00000000b2b80000, 0x00000000d5580000)
  object space 830976K, 33% used [0x0000000080000000,0x0000000090d0e028,0x00000000b2b80000)
 Metaspace       used 87445K, committed 89024K, reserved 1179648K
  class space    used 8594K, committed 9408K, reserved 1048576K
}
Event: 4918.323 GC heap before
{Heap before GC invocations=3203 (full 6):
 PSYoungGen      total 3584K, used 3488K [0x00000000d5580000, 0x00000000d5a00000, 0x0000000100000000)
  eden space 3072K, 100% used [0x00000000d5580000,0x00000000d5880000,0x00000000d5880000)
  from space 512K, 81% used [0x00000000d5900000,0x00000000d5968000,0x00000000d5980000)
  to   space 512K, 0% used [0x00000000d5980000,0x00000000d5980000,0x00000000d5a00000)
 ParOldGen       total 830976K, used 275512K [0x0000000080000000, 0x00000000b2b80000, 0x00000000d5580000)
  object space 830976K, 33% used [0x0000000080000000,0x0000000090d0e028,0x00000000b2b80000)
 Metaspace       used 87445K, committed 89024K, reserved 1179648K
  class space    used 8594K, committed 9408K, reserved 1048576K
}
Event: 4918.324 GC heap after
{Heap after GC invocations=3203 (full 6):
 PSYoungGen      total 3584K, used 320K [0x00000000d5580000, 0x00000000d5a00000, 0x0000000100000000)
  eden space 3072K, 0% used [0x00000000d5580000,0x00000000d5580000,0x00000000d5880000)
  from space 512K, 62% used [0x00000000d5980000,0x00000000d59d0000,0x00000000d5a00000)
  to   space 512K, 0% used [0x00000000d5900000,0x00000000d5900000,0x00000000d5980000)
 ParOldGen       total 830976K, used 275512K [0x0000000080000000, 0x00000000b2b80000, 0x00000000d5580000)
  object space 830976K, 33% used [0x0000000080000000,0x0000000090d0e028,0x00000000b2b80000)
 Metaspace       used 87445K, committed 89024K, reserved 1179648K
  class space    used 8594K, committed 9408K, reserved 1048576K
}

