# JRE version: OpenJDK Runtime Environment Temurin-21.0.8+9 (21.0.8+9) (build 21.0.8+9-LTS)
# Java VM: OpenJDK 64-Bit Server VM Temurin-21.0.8+9 (21.0.8+9-LTS, mixed mode, sharing, tiered, compressed oops, compressed class ptrs, parallel gc, windows-amd64)
GC Precious Log:
 CardTable entry size: 512
 CPUs: 20 total, 20 available
 Memory: 16004M
 Large Page Support: Disabled
 NUMA Support: Disabled
 Compressed Oops: Enabled (32-bit)
 Alignments: Space 512K, Generation 512K, Heap 2M
 Heap Min Capacity: 100M
 Heap Initial Capacity: 100M
 Heap Max Capacity: 2G
 Pre-touch: Disabled
 Parallel Workers: 15
Heap:
 PSYoungGen      total 2560K, used 917K [0x00000000d5580000, 0x00000000d5900000, 0x0000000100000000)
  eden space 2048K, 33% used [0x00000000d5580000,0x00000000d562d728,0x00000000d5780000)
  from space 512K, 43% used [0x00000000d5800000,0x00000000d5838000,0x00000000d5880000)
  to   space 512K, 0% used [0x00000000d5880000,0x00000000d5880000,0x00000000d5900000)
 ParOldGen       total 712704K, used 511928K [0x0000000080000000, 0x00000000ab800000, 0x00000000d5580000)
  object space 712704K, 71% used [0x0000000080000000,0x000000009f3ee1e0,0x00000000ab800000)
 Metaspace       used 86875K, committed 88512K, reserved 1179648K
  class space    used 8700K, committed 9408K, reserved 1048576K
GC Heap History (20 events):
Event: 816.381 GC heap before
{Heap before GC invocations=2173 (full 5):
 PSYoungGen      total 2560K, used 2304K [0x00000000d5580000, 0x00000000d5900000, 0x0000000100000000)
  eden space 2048K, 100% used [0x00000000d5580000,0x00000000d5780000,0x00000000d5780000)
  from space 512K, 50% used [0x00000000d5780000,0x00000000d57c0000,0x00000000d5800000)
  to   space 512K, 0% used [0x00000000d5880000,0x00000000d5880000,0x00000000d5900000)
 ParOldGen       total 712704K, used 510747K [0x0000000080000000, 0x00000000ab800000, 0x00000000d5580000)
  object space 712704K, 71% used [0x0000000080000000,0x000000009f2c6d50,0x00000000ab800000)
 Metaspace       used 86812K, committed 88448K, reserved 1179648K
  class space    used 8698K, committed 9408K, reserved 1048576K
}
Event: 816.382 GC heap after
{Heap after GC invocations=2173 (full 5):
 PSYoungGen      total 2560K, used 224K [0x00000000d5580000, 0x00000000d5900000, 0x0000000100000000)
  eden space 2048K, 0% used [0x00000000d5580000,0x00000000d5580000,0x00000000d5780000)
  from space 512K, 43% used [0x00000000d5880000,0x00000000d58b8000,0x00000000d5900000)
  to   space 512K, 0% used [0x00000000d5780000,0x00000000d5780000,0x00000000d5800000)
 ParOldGen       total 712704K, used 510819K [0x0000000080000000, 0x00000000ab800000, 0x00000000d5580000)
  object space 712704K, 71% used [0x0000000080000000,0x000000009f2d8d50,0x00000000ab800000)
 Metaspace       used 86812K, committed 88448K, reserved 1179648K
  class space    used 8698K, committed 9408K, reserved 1048576K
}
Event: 816.387 GC heap before
{Heap before GC invocations=2174 (full 5):
 PSYoungGen      total 2560K, used 2272K [0x00000000d5580000, 0x00000000d5900000, 0x0000000100000000)
  eden space 2048K, 100% used [0x00000000d5580000,0x00000000d5780000,0x00000000d5780000)
  from space 512K, 43% used [0x00000000d5880000,0x00000000d58b8000,0x00000000d5900000)
  to   space 512K, 0% used [0x00000000d5780000,0x00000000d5780000,0x00000000d5800000)
 ParOldGen       total 712704K, used 510819K [0x0000000080000000, 0x00000000ab800000, 0x00000000d5580000)
  object space 712704K, 71% used [0x0000000080000000,0x000000009f2d8d50,0x00000000ab800000)
 Metaspace       used 86812K, committed 88448K, reserved 1179648K
  class space    used 8698K, committed 9408K, reserved 1048576K
}
Event: 816.388 GC heap after
{Heap after GC invocations=2174 (full 5):
 PSYoungGen      total 2560K, used 512K [0x00000000d5580000, 0x00000000d5980000, 0x0000000100000000)
  eden space 2048K, 0% used [0x00000000d5580000,0x00000000d5580000,0x00000000d5780000)
  from space 512K, 100% used [0x00000000d5780000,0x00000000d5800000,0x00000000d5800000)
  to   space 1024K, 0% used [0x00000000d5880000,0x00000000d5880000,0x00000000d5980000)
 ParOldGen       total 712704K, used 511024K [0x0000000080000000, 0x00000000ab800000, 0x00000000d5580000)
  object space 712704K, 71% used [0x0000000080000000,0x000000009f30c1e0,0x00000000ab800000)
 Metaspace       used 86812K, committed 88448K, reserved 1179648K
  class space    used 8698K, committed 9408K, reserved 1048576K
}
Event: 816.783 GC heap before
{Heap before GC invocations=2175 (full 5):
 PSYoungGen      total 2560K, used 2560K [0x00000000d5580000, 0x00000000d5980000, 0x0000000100000000)
  eden space 2048K, 100% used [0x00000000d5580000,0x00000000d5780000,0x00000000d5780000)
  from space 512K, 100% used [0x00000000d5780000,0x00000000d5800000,0x00000000d5800000)
  to   space 1024K, 0% used [0x00000000d5880000,0x00000000d5880000,0x00000000d5980000)
 ParOldGen       total 712704K, used 511024K [0x0000000080000000, 0x00000000ab800000, 0x00000000d5580000)
  object space 712704K, 71% used [0x0000000080000000,0x000000009f30c1e0,0x00000000ab800000)
 Metaspace       used 86844K, committed 88448K, reserved 1179648K
  class space    used 8700K, committed 9408K, reserved 1048576K
}
Event: 816.784 GC heap after
{Heap after GC invocations=2175 (full 5):
 PSYoungGen      total 3072K, used 448K [0x00000000d5580000, 0x00000000d5980000, 0x0000000100000000)
  eden space 2048K, 0% used [0x00000000d5580000,0x00000000d5580000,0x00000000d5780000)
  from space 1024K, 43% used [0x00000000d5880000,0x00000000d58f0000,0x00000000d5980000)
  to   space 1024K, 0% used [0x00000000d5780000,0x00000000d5780000,0x00000000d5880000)
 ParOldGen       total 712704K, used 511504K [0x0000000080000000, 0x00000000ab800000, 0x00000000d5580000)
  object space 712704K, 71% used [0x0000000080000000,0x000000009f3841e0,0x00000000ab800000)
 Metaspace       used 86844K, committed 88448K, reserved 1179648K
  class space    used 8700K, committed 9408K, reserved 1048576K
}
Event: 816.787 GC heap before
{Heap before GC invocations=2176 (full 5):
 PSYoungGen      total 3072K, used 2495K [0x00000000d5580000, 0x00000000d5980000, 0x0000000100000000)
  eden space 2048K, 99% used [0x00000000d5580000,0x00000000d577fff8,0x00000000d5780000)
  from space 1024K, 43% used [0x00000000d5880000,0x00000000d58f0000,0x00000000d5980000)
  to   space 1024K, 0% used [0x00000000d5780000,0x00000000d5780000,0x00000000d5880000)
 ParOldGen       total 712704K, used 511504K [0x0000000080000000, 0x00000000ab800000, 0x00000000d5580000)
  object space 712704K, 71% used [0x0000000080000000,0x000000009f3841e0,0x00000000ab800000)
 Metaspace       used 86844K, committed 88448K, reserved 1179648K
  class space    used 8700K, committed 9408K, reserved 1048576K
}
Event: 816.788 GC heap after
{Heap after GC invocations=2176 (full 5):
 PSYoungGen      total 3072K, used 352K [0x00000000d5580000, 0x00000000d5900000, 0x0000000100000000)
  eden space 2048K, 0% used [0x00000000d5580000,0x00000000d5580000,0x00000000d5780000)
  from space 1024K, 34% used [0x00000000d5780000,0x00000000d57d8000,0x00000000d5880000)
  to   space 512K, 0% used [0x00000000d5880000,0x00000000d5880000,0x00000000d5900000)
 ParOldGen       total 712704K, used 511664K [0x0000000080000000, 0x00000000ab800000, 0x00000000d5580000)
  object space 712704K, 71% used [0x0000000080000000,0x000000009f3ac1e0,0x00000000ab800000)
 Metaspace       used 86844K, committed 88448K, reserved 1179648K
  class space    used 8700K, committed 9408K, reserved 1048576K
}
Event: 817.049 GC heap before
{Heap before GC invocations=2177 (full 5):
 PSYoungGen      total 3072K, used 2400K [0x00000000d5580000, 0x00000000d5900000, 0x0000000100000000)
  eden space 2048K, 100% used [0x00000000d5580000,0x00000000d5780000,0x00000000d5780000)
  from space 1024K, 34% used [0x00000000d5780000,0x00000000d57d8000,0x00000000d5880000)
  to   space 512K, 0% used [0x00000000d5880000,0x00000000d5880000,0x00000000d5900000)
 ParOldGen       total 712704K, used 511664K [0x0000000080000000, 0x00000000ab800000, 0x00000000d5580000)
  object space 712704K, 71% used [0x0000000080000000,0x000000009f3ac1e0,0x00000000ab800000)
 Metaspace       used 86857K, committed 88512K, reserved 1179648K
  class space    used 8700K, committed 9408K, reserved 1048576K
}
Event: 817.050 GC heap after
{Heap after GC invocations=2177 (full 5):
 PSYoungGen      total 2560K, used 400K [0x00000000d5580000, 0x00000000d5900000, 0x0000000100000000)
  eden space 2048K, 0% used [0x00000000d5580000,0x00000000d5580000,0x00000000d5780000)
  from space 512K, 78% used [0x00000000d5880000,0x00000000d58e4010,0x00000000d5900000)
  to   space 512K, 0% used [0x00000000d5800000,0x00000000d5800000,0x00000000d5880000)
 ParOldGen       total 712704K, used 511664K [0x0000000080000000, 0x00000000ab800000, 0x00000000d5580000)
  object space 712704K, 71% used [0x0000000080000000,0x000000009f3ac1e0,0x00000000ab800000)
 Metaspace       used 86857K, committed 88512K, reserved 1179648K
  class space    used 8700K, committed 9408K, reserved 1048576K
}
Event: 817.438 GC heap before
{Heap before GC invocations=2178 (full 5):
 PSYoungGen      total 2560K, used 2447K [0x00000000d5580000, 0x00000000d5900000, 0x0000000100000000)
  eden space 2048K, 99% used [0x00000000d5580000,0x00000000d577ffe8,0x00000000d5780000)
  from space 512K, 78% used [0x00000000d5880000,0x00000000d58e4010,0x00000000d5900000)
  to   space 512K, 0% used [0x00000000d5800000,0x00000000d5800000,0x00000000d5880000)
 ParOldGen       total 712704K, used 511664K [0x0000000080000000, 0x00000000ab800000, 0x00000000d5580000)
  object space 712704K, 71% used [0x0000000080000000,0x000000009f3ac1e0,0x00000000ab800000)
 Metaspace       used 86868K, committed 88512K, reserved 1179648K
  class space    used 8700K, committed 9408K, reserved 1048576K
}
Event: 817.439 GC heap after
{Heap after GC invocations=2178 (full 5):
 PSYoungGen      total 2560K, used 384K [0x00000000d5580000, 0x00000000d5900000, 0x0000000100000000)
  eden space 2048K, 0% used [0x00000000d5580000,0x00000000d5580000,0x00000000d5780000)
  from space 512K, 75% used [0x00000000d5800000,0x00000000d5860000,0x00000000d5880000)
  to   space 512K, 0% used [0x00000000d5880000,0x00000000d5880000,0x00000000d5900000)
 ParOldGen       total 712704K, used 511712K [0x0000000080000000, 0x00000000ab800000, 0x00000000d5580000)
  object space 712704K, 71% used [0x0000000080000000,0x000000009f3b81e0,0x00000000ab800000)
 Metaspace       used 86868K, committed 88512K, reserved 1179648K
  class space    used 8700K, committed 9408K, reserved 1048576K
}
Event: 817.648 GC heap before
{Heap before GC invocations=2179 (full 5):
 PSYoungGen      total 2560K, used 2431K [0x00000000d5580000, 0x00000000d5900000, 0x0000000100000000)
  eden space 2048K, 99% used [0x00000000d5580000,0x00000000d577ffd8,0x00000000d5780000)
  from space 512K, 75% used [0x00000000d5800000,0x00000000d5860000,0x00000000d5880000)
  to   space 512K, 0% used [0x00000000d5880000,0x00000000d5880000,0x00000000d5900000)
 ParOldGen       total 712704K, used 511712K [0x0000000080000000, 0x00000000ab800000, 0x00000000d5580000)
  object space 712704K, 71% used [0x0000000080000000,0x000000009f3b81e0,0x00000000ab800000)
 Metaspace       used 86874K, committed 88512K, reserved 1179648K
  class space    used 8700K, committed 9408K, reserved 1048576K
}
Event: 817.648 GC heap after
{Heap after GC invocations=2179 (full 5):
 PSYoungGen      total 2560K, used 320K [0x00000000d5580000, 0x00000000d5900000, 0x0000000100000000)
  eden space 2048K, 0% used [0x00000000d5580000,0x00000000d5580000,0x00000000d5780000)
  from space 512K, 62% used [0x00000000d5880000,0x00000000d58d0000,0x00000000d5900000)
  to   space 512K, 0% used [0x00000000d5800000,0x00000000d5800000,0x00000000d5880000)
 ParOldGen       total 712704K, used 511792K [0x0000000080000000, 0x00000000ab800000, 0x00000000d5580000)
  object space 712704K, 71% used [0x0000000080000000,0x000000009f3cc1e0,0x00000000ab800000)
 Metaspace       used 86874K, committed 88512K, reserved 1179648K
  class space    used 8700K, committed 9408K, reserved 1048576K
}
Event: 817.909 GC heap before
{Heap before GC invocations=2180 (full 5):
 PSYoungGen      total 2560K, used 2368K [0x00000000d5580000, 0x00000000d5900000, 0x0000000100000000)
  eden space 2048K, 100% used [0x00000000d5580000,0x00000000d5780000,0x00000000d5780000)
  from space 512K, 62% used [0x00000000d5880000,0x00000000d58d0000,0x00000000d5900000)
  to   space 512K, 0% used [0x00000000d5800000,0x00000000d5800000,0x00000000d5880000)
 ParOldGen       total 712704K, used 511792K [0x0000000080000000, 0x00000000ab800000, 0x00000000d5580000)
  object space 712704K, 71% used [0x0000000080000000,0x000000009f3cc1e0,0x00000000ab800000)
 Metaspace       used 86874K, committed 88512K, reserved 1179648K
  class space    used 8700K, committed 9408K, reserved 1048576K
}
Event: 817.910 GC heap after
{Heap after GC invocations=2180 (full 5):
 PSYoungGen      total 2560K, used 320K [0x00000000d5580000, 0x00000000d5900000, 0x0000000100000000)
  eden space 2048K, 0% used [0x00000000d5580000,0x00000000d5580000,0x00000000d5780000)
  from space 512K, 62% used [0x00000000d5800000,0x00000000d5850000,0x00000000d5880000)
  to   space 512K, 0% used [0x00000000d5880000,0x00000000d5880000,0x00000000d5900000)
 ParOldGen       total 712704K, used 511880K [0x0000000080000000, 0x00000000ab800000, 0x00000000d5580000)
  object space 712704K, 71% used [0x0000000080000000,0x000000009f3e21e0,0x00000000ab800000)
 Metaspace       used 86874K, committed 88512K, reserved 1179648K
  class space    used 8700K, committed 9408K, reserved 1048576K
}
Event: 826.473 GC heap before
{Heap before GC invocations=2181 (full 5):
 PSYoungGen      total 2560K, used 2368K [0x00000000d5580000, 0x00000000d5900000, 0x0000000100000000)
  eden space 2048K, 100% used [0x00000000d5580000,0x00000000d5780000,0x00000000d5780000)
  from space 512K, 62% used [0x00000000d5800000,0x00000000d5850000,0x00000000d5880000)
  to   space 512K, 0% used [0x00000000d5880000,0x00000000d5880000,0x00000000d5900000)
 ParOldGen       total 712704K, used 511880K [0x0000000080000000, 0x00000000ab800000, 0x00000000d5580000)
  object space 712704K, 71% used [0x0000000080000000,0x000000009f3e21e0,0x00000000ab800000)
 Metaspace       used 86874K, committed 88512K, reserved 1179648K
  class space    used 8700K, committed 9408K, reserved 1048576K
}
Event: 826.474 GC heap after
{Heap after GC invocations=2181 (full 5):
 PSYoungGen      total 2560K, used 256K [0x00000000d5580000, 0x00000000d5900000, 0x0000000100000000)
  eden space 2048K, 0% used [0x00000000d5580000,0x00000000d5580000,0x00000000d5780000)
  from space 512K, 50% used [0x00000000d5880000,0x00000000d58c0000,0x00000000d5900000)
  to   space 512K, 0% used [0x00000000d5800000,0x00000000d5800000,0x00000000d5880000)
 ParOldGen       total 712704K, used 511888K [0x0000000080000000, 0x00000000ab800000, 0x00000000d5580000)
  object space 712704K, 71% used [0x0000000080000000,0x000000009f3e41e0,0x00000000ab800000)
 Metaspace       used 86874K, committed 88512K, reserved 1179648K
  class space    used 8700K, committed 9408K, reserved 1048576K
}
Event: 833.322 GC heap before
{Heap before GC invocations=2182 (full 5):
 PSYoungGen      total 2560K, used 2304K [0x00000000d5580000, 0x00000000d5900000, 0x0000000100000000)
  eden space 2048K, 100% used [0x00000000d5580000,0x00000000d5780000,0x00000000d5780000)
  from space 512K, 50% used [0x00000000d5880000,0x00000000d58c0000,0x00000000d5900000)
  to   space 512K, 0% used [0x00000000d5800000,0x00000000d5800000,0x00000000d5880000)
 ParOldGen       total 712704K, used 511888K [0x0000000080000000, 0x00000000ab800000, 0x00000000d5580000)
  object space 712704K, 71% used [0x0000000080000000,0x000000009f3e41e0,0x00000000ab800000)
 Metaspace       used 86874K, committed 88512K, reserved 1179648K
  class space    used 8700K, committed 9408K, reserved 1048576K
}
Event: 833.322 GC heap after
{Heap after GC invocations=2182 (full 5):
 PSYoungGen      total 2560K, used 224K [0x00000000d5580000, 0x00000000d5900000, 0x0000000100000000)
  eden space 2048K, 0% used [0x00000000d5580000,0x00000000d5580000,0x00000000d5780000)
  from space 512K, 43% used [0x00000000d5800000,0x00000000d5838000,0x00000000d5880000)
  to   space 512K, 0% used [0x00000000d5880000,0x00000000d5880000,0x00000000d5900000)
 ParOldGen       total 712704K, used 511928K [0x0000000080000000, 0x00000000ab800000, 0x00000000d5580000)
  object space 712704K, 71% used [0x0000000080000000,0x000000009f3ee1e0,0x00000000ab800000)
 Metaspace       used 86874K, committed 88512K, reserved 1179648K
  class space    used 8700K, committed 9408K, reserved 1048576K
}

